{'timestamp': '2026-02-10T12:28:32.965955', 'uptime_seconds': 15, 'cpu_metric': {'current': 0.17, 'highest': 3.98, 'lowest': 0.17}, 'memory_metric': 19.81, 'health_score': 90, 'message': 'Healthy System'}
{'timestamp': '2026-02-10T12:28:39.066144', 'uptime_seconds': 21, 'cpu_metric': {'current': 0.0, 'highest': 3.98, 'lowest': 0.0}, 'memory_metric': 19.79, 'health_score': 90, 'message': 'Healthy System'}
{'timestamp': '2026-02-10T12:28:42.459193', 'uptime_seconds': 24, 'cpu_metric': {'current': 0.17, 'highest': 3.98, 'lowest': 0.0}, 'memory_metric': 19.74, 'health_score': 90, 'message': 'Healthy System'}
{'timestamp': '2026-02-10T12:28:53.147512', 'uptime_seconds': 35, 'cpu_metric': {'current': 0.5, 'highest': 3.98, 'lowest': 0.0}, 'memory_metric': 19.72, 'health_score': 89, 'message': 'Healthy System'}
{'timestamp': '2026-02-10T12:29:18.943086', 'uptime_seconds': 61, 'cpu_metric': {'current': 0.0, 'highest': 3.98, 'lowest': 0.0}, 'memory_metric': 19.73, 'health_score': 90, 'message': 'Healthy System'}
{'timestamp': '2026-02-10T12:29:25.097877', 'uptime_seconds': 67, 'cpu_metric': {'current': 0.0, 'highest': 3.98, 'lowest': 0.0}, 'memory_metric': 19.73, 'health_score': 90, 'message': 'Healthy System'}
{'timestamp': '2026-02-10T12:29:31.784346', 'uptime_seconds': 74, 'cpu_metric': {'current': 0.0, 'highest': 3.98, 'lowest': 0.0}, 'memory_metric': 19.74, 'health_score': 90, 'message': 'Healthy System'}
{'timestamp': '2026-02-10T12:37:58.203551', 'uptime_seconds': 21, 'cpu_metric': {'current': 0.0, 'highest': 3.02, 'lowest': 0.0}, 'memory_metric': 21.4, 'health_score': 89, 'message': 'Healthy System'}
{'timestamp': '2026-02-10T12:38:08.305928', 'uptime_seconds': 31, 'cpu_metric': {'current': 0.17, 'highest': 3.02, 'lowest': 0.0}, 'memory_metric': 21.4, 'health_score': 89, 'message': 'Healthy System'}
{'timestamp': '2026-02-10T12:56:05.227566', 'uptime_seconds': 26, 'cpu_metric': {'current': 0.0, 'highest': 3.64, 'lowest': 0.0}, 'memory_metric': 22.64, 'health_score': 88, 'message': 'Healthy System'}
{'timestamp': '2026-02-10T12:56:26.382402', 'uptime_seconds': 47, 'cpu_metric': {'current': 0.17, 'highest': 3.64, 'lowest': 0.0}, 'memory_metric': 22.64, 'health_score': 88, 'message': 'Healthy System'}
{'timestamp': '2026-02-10T12:58:47.021163', 'uptime_seconds': 12, 'cpu_metric': {'current': 0.0, 'highest': 5.83, 'lowest': 0.0, 'running_time': 12}, 'memory_metric': 22.98, 'health_score': 90, 'message': 'Healthy Score'}
{'timestamp': '2026-02-10T13:03:46.320337+00:00', 'uptime_seconds': 10, 'cpu_metric': {'current': 0.83, 'highest': 5.98, 'lowest': 0}, 'memory_metric': '23.1%', 'health_score': 88, 'status': 'Healthy System'}
{'timestamp': '2026-02-10T13:03:58.402858+00:00', 'uptime_seconds': 22, 'cpu_metric': {'current': 0.33, 'highest': 5.98, 'lowest': 0}, 'memory_metric': '23.1%', 'health_score': 88, 'status': 'Healthy System'}
{'timestamp': '2026-02-10T13:03:59.852954+00:00', 'uptime_seconds': 23, 'cpu_metric': {'current': 1.0, 'highest': 5.98, 'lowest': 0}, 'memory_metric': '23.11%', 'health_score': 87, 'status': 'Healthy System'}
{'timestamp': '2026-02-10T13:04:03.226415+00:00', 'uptime_seconds': 27, 'cpu_metric': {'current': 0.17, 'highest': 5.98, 'lowest': 0}, 'memory_metric': '23.1%', 'health_score': 88, 'status': 'Healthy System'}
{'timestamp': '2026-02-10T13:04:04.509424+00:00', 'uptime_seconds': 28, 'cpu_metric': {'current': 1.33, 'highest': 5.98, 'lowest': 0}, 'memory_metric': '23.12%', 'health_score': 87, 'status': 'Healthy System'}
{'timestamp': '2026-02-10T13:16:08.512347+00:00', 'uptime_seconds': 7, 'cpu_metric': {'current': 0.0, 'highest': 5.47, 'lowest': 0.0}, 'memory_metric': '23.91%', 'health_score': 88, 'status': 'Healthy System'}
{'timestamp': '2026-02-10T13:16:11.828117+00:00', 'uptime_seconds': 11, 'cpu_metric': {'current': 0.0, 'highest': 5.47, 'lowest': 0.0}, 'memory_metric': '23.88%', 'health_score': 88, 'status': 'Healthy System'}
{'timestamp': '2026-02-10T13:27:06.233725+00:00', 'uptime_seconds': 12, 'cpu_metric': {'current': 0.0, 'highest': 4.32, 'lowest': 0.0}, 'memory_metric': '24.13%', 'health_score': 87, 'status': 'Healthy System'}
[2026-02-11 09:42:06 AM] Score: 87 | CPU: 0.17% | MEM: 24.59%
[2026-02-11 09:42:10 AM] Score: 87 | CPU: 0.0% | MEM: 24.6%
[2026-02-11 09:42:37 AM] Score: 87 | CPU: 0.0% | MEM: 24.59%
[2026-02-11 09:45:23 AM] Score: 87 | CPU: 0.33% | MEM: 24.17%
[2026-02-11 09:45:26 AM] Score: 87 | CPU: 0.5% | MEM: 24.18%
[2026-02-11 09:48:33 AM] Score: 87 | CPU: 0.0% | MEM: 24.38%
[2026-02-11 09:48:39 AM] Score: 87 | CPU: 0.0% | MEM: 24.36%
[2026-02-11 09:48:43 AM] Score: 87 | CPU: 0.0% | MEM: 24.38%
[2026-02-11 09:48:46 AM] Score: 87 | CPU: 0.5% | MEM: 24.38%
[2026-02-11 09:48:47 AM] Score: 87 | CPU: 0.33% | MEM: 24.36%
[2026-02-11 09:48:58 AM] Score: 87 | CPU: 0.0% | MEM: 24.37%
[2026-02-11 10:51:56 AM] Score: 87 | CPU: 0.33% | MEM: 25.08%
[2026-02-11 10:51:57 AM] Score: 86 | CPU: 1.66% | MEM: 25.1%
[2026-02-11 10:53:48 AM] Score: 87 | CPU: 0.0% | MEM: 25.0%
[2026-02-11 10:53:49 AM] Score: 86 | CPU: 1.17% | MEM: 24.98%
[2026-02-11 10:53:51 AM] Score: 87 | CPU: 0.82% | MEM: 24.98%
[2026-02-11 10:54:45 AM] Score: 87 | CPU: 0.17% | MEM: 25.03%
[2026-02-11 11:08:26 AM] 87% | C:0.5% | M:25.23%
[2026-02-11 11:08:40 AM] 87% | C:0.0% | M:25.18%
[2026-02-11 11:09:13 AM] 87% | C:0.17% | M:25.21%
[2026-02-11 11:09:15 AM] 87% | C:0.66% | M:25.22%
